Drill report for /home/debian/Progetti/ATARI/A130KB_MX/A130XE_KB_MX/A130XE_KB_MX.kicad_pcb
Created on Fri 26 Mar 2021 01:46:24 PM CET

Copper Layer Stackup:
    =============================================================
    L1 :  F.Cu                      front
    L2 :  B.Cu                      back


Drill file 'A130XE_KB_MX-PTH.drl' contains
    plated through holes:
    =============================================================
    T1  0.40mm  0.016"  (29 holes)
    T2  0.85mm  0.033"  (32 holes)
    T3  1.00mm  0.039"  (42 holes)
    T4  1.50mm  0.059"  (136 holes)

    Total plated holes count 239


Drill file 'A130XE_KB_MX-NPTH.drl' contains
    unplated through holes:
    =============================================================
    T1  1.70mm  0.067"  (136 holes)
    T2  3.05mm  0.120"  (4 holes)
    T3  3.70mm  0.146"  (4 holes)
    T4  4.00mm  0.157"  (72 holes)

    Total unplated holes count 216
