Drill report for /home/debian/Progetti/ATARI/A130KB_MX/A130XE_KB_MX/STM32F4XX_Hat/STM32F4XX_Hat.kicad_pcb
Created on Thu 02 Dec 2021 09:44:01 PM CET

Copper Layer Stackup:
    =============================================================
    L1 :  F.Cu                      front
    L2 :  B.Cu                      back


Drill file 'STM32F4XX_Hat-PTH.drl' contains
    plated through holes:
    =============================================================
    T1  0.40mm  0.016"  (9 holes)
    T2  0.70mm  0.028"  (12 holes)
    T3  0.85mm  0.033"  (32 holes)
    T4  0.90mm  0.035"  (12 holes)
    T5  1.00mm  0.039"  (165 holes)

    Total plated holes count 230


Drill file 'STM32F4XX_Hat-NPTH.drl' contains
    unplated through holes:
    =============================================================
    T1  3.50mm  0.138"  (4 holes)

    Total unplated holes count 4
